<?xml version="1.0" encoding="UTF-8"?>
<!-- Generated by org.testng.reporters.JUnitXMLReporter -->
<testsuite ignored="0" hostname="NRT-Testing1" failures="0" tests="20" name="Default test" time="29.415" errors="0" timestamp="2024-10-16T18:42:52 IST">
  <testcase classname="api.testcases.UserTestDD" name="testCreateUser" time="2.886"/>
  <testcase classname="api.testcases.UserTestDD" name="testCreateUser" time="1.591"/>
  <testcase classname="api.testcases.UserTestDD" name="testCreateUser" time="1.284"/>
  <testcase classname="api.testcases.UserTestDD" name="testCreateUser" time="1.048"/>
  <testcase classname="api.testcases.UserTestDD" name="testGetUserData" time="1.156"/>
  <testcase classname="api.testcases.UserTestDD" name="testGetUserData" time="1.241"/>
  <testcase classname="api.testcases.UserTestDD" name="testGetUserData" time="1.103"/>
  <testcase classname="api.testcases.UserTestDD" name="testGetUserData" time="1.106"/>
  <testcase classname="api.testcases.UserTestDD" name="testDeleteUser" time="1.099"/>
  <testcase classname="api.testcases.UserTestDD" name="testDeleteUser" time="1.091"/>
  <testcase classname="api.testcases.UserTestDD" name="testDeleteUser" time="0.896"/>
  <testcase classname="api.testcases.UserTestDD" name="testDeleteUser" time="1.087"/>
  <testcase classname="api.testcases.UserTest" name="testCreateUser" time="1.105"/>
  <testcase classname="api.testcases.UserTest" name="testGetUserData" time="1.099"/>
  <testcase classname="api.testcases.UserTest" name="testUpdateUser" time="2.291"/>
  <testcase classname="api.testcases.UserTest" name="testDeleteUser" time="1.155"/>
  <testcase classname="api.testcases.UserTest2" name="testCreateUser" time="1.107"/>
  <testcase classname="api.testcases.UserTest2" name="testGetUserData" time="1.103"/>
  <testcase classname="api.testcases.UserTest2" name="testUpdateUser" time="2.366"/>
  <testcase classname="api.testcases.UserTest2" name="testDeleteUser" time="1.107"/>
</testsuite> <!-- Default test -->
