<?xml version="1.0" encoding="UTF-8"?>
<!-- Generated by org.testng.reporters.JUnitXMLReporter -->
<testsuite ignored="0" hostname="NRT-Testing1" failures="0" tests="4" name="Test" time="10.311" errors="0" timestamp="2024-10-16T16:43:49 IST">
  <testcase classname="api.testcases.UserTest" name="testCreateUser" time="3.167"/>
  <testcase classname="api.testcases.UserTest" name="testGetUserData" time="1.566"/>
  <testcase classname="api.testcases.UserTest" name="testUpdateUser" time="3.114"/>
  <testcase classname="api.testcases.UserTest" name="testDeleteUser" time="1.536"/>
</testsuite> <!-- Test -->
