<?xml version="1.0" encoding="UTF-8"?>
<!-- Generated by org.testng.reporters.JUnitXMLReporter -->
<testsuite ignored="0" hostname="NRT-Testing1" failures="0" tests="4" name="Test" time="7.902" errors="0" timestamp="2024-10-17T13:54:36 IST">
  <testcase classname="api.testcases.UserTest" name="testCreateUser" time="2.67"/>
  <testcase classname="api.testcases.UserTest" name="testGetUserData" time="1.172"/>
  <testcase classname="api.testcases.UserTest" name="testUpdateUser" time="2.156"/>
  <testcase classname="api.testcases.UserTest" name="testDeleteUser" time="1.093"/>
</testsuite> <!-- Test -->
